#
# A fatal error has been detected by the Java Runtime Environment:
#
#  EXCEPTION_ACCESS_VIOLATION (0xc0000005) at pc=0x000000006d1891ed, pid=6732, tid=7164
#
# JRE version: 7.0_03-b05
# Java VM: Java HotSpot(TM) 64-Bit Server VM (22.1-b02 mixed mode windows-amd64 compressed oops)
# Problematic frame:
# C  [t2k.dll+0x191ed]
#
# Failed to write core dump. Minidumps are not enabled by default on client versions of Windows
#
# If you would like to submit a bug report, please visit:
#   http://bugreport.sun.com/bugreport/crash.jsp
# The crash happened outside the Java Virtual Machine in native code.
# See problematic frame for where to report the bug.
#

---------------  T H R E A D  ---------------

Current thread (0x00000000074ac000):  JavaThread "Thread-4" [_thread_in_native, id=7164, stack(0x00000000095b0000,0x00000000096b0000)]

siginfo: ExceptionCode=0xc0000005, reading address 0xffffffffffffffff

Registers:
RAX=0x0000000000000800, RBX=0x0000000007483cc0, RCX=0x00000000074b82d0, RDX=0x00000000073553e0
RSP=0x00000000096aea60, RBP=0x0000000007457bf0, RSI=0x000000000748a260, RDI=0x0000000001d9be90
R8 =0x0000000000000800, R9 =0x0000000007483d90, R10=0x00000000000000ee, R11=0x00000000074b82d0
R12=0x00000000096aec48, R13=0x000000001b8c377f, R14=0x00000000096aec80, R15=0x00000000096aec78
RIP=0x000000006d1891ed, EFLAGS=0x0000000000010206

Top of Stack: (sp=0x00000000096aea60)
0x00000000096aea60:   00000000096aeb08 00000000bcb81c38
0x00000000096aea70:   00000000bc3c8d90 00000000096aeb71
0x00000000096aea80:   0000000001d9be90 000000006d19dc6f
0x00000000096aea90:   000000000748a260 0000000064315b17
0x00000000096aeaa0:   0000000000000000 0000000000000001
0x00000000096aeab0:   00000000061753e0 0000000000000000
0x00000000096aeac0:   0000000000000000 0000000000000000
0x00000000096aead0:   0000000000000000 0000000000000000
0x00000000096aeae0:   0000000000000000 0000320e6e645469
0x00000000096aeaf0:   00000000074ac1d0 000000006d19def6
0x00000000096aeb00:   0000000001d9be90 0000000001d9be90
0x00000000096aeb10:   0000000007457bf0 00000000bc91c038
0x00000000096aeb20:   0000000000000015 000000001b8c377f
0x00000000096aeb30:   0000000000000000 0000000000000000
0x00000000096aeb40:   fff8000000000000 0000000000000000
0x00000000096aeb50:   00000000074ac000 00000000096aec80 

Instructions: (pc=0x000000006d1891ed)
0x000000006d1891cd:   89 83 88 00 00 00 e8 3c fb ff ff 48 8b 93 00 01
0x000000006d1891dd:   00 00 4c 8d 8b d0 00 00 00 49 8b cb 44 0f b7 c0
0x000000006d1891ed:   ff 93 c8 00 00 00 89 83 e4 00 00 00 48 8b 83 88
0x000000006d1891fd:   00 00 00 48 89 43 78 8b 83 e4 00 00 00 e9 ca 00 


Register to memory mapping:

RAX=0x0000000000000800 is an unknown value
RBX=0x0000000007483cc0 is an unknown value
RCX=0x00000000074b82d0 is an unknown value
RDX=0x00000000073553e0 is an unknown value
RSP=0x00000000096aea60 is pointing into the stack for thread: 0x00000000074ac000
RBP=0x0000000007457bf0 is an unknown value
RSI=0x000000000748a260 is an unknown value
RDI=0x0000000001d9be90 is an unknown value
R8 =0x0000000000000800 is an unknown value
R9 =0x0000000007483d90 is an unknown value
R10=0x00000000000000ee is an unknown value
R11=0x00000000074b82d0 is an unknown value
R12=0x00000000096aec48 is pointing into the stack for thread: 0x00000000074ac000
R13=0x000000001b8c377f is an unknown value
R14=0x00000000096aec80 is pointing into the stack for thread: 0x00000000074ac000
R15=0x00000000096aec78 is pointing into the stack for thread: 0x00000000074ac000


Stack: [0x00000000095b0000,0x00000000096b0000],  sp=0x00000000096aea60,  free space=1018k
Native frames: (J=compiled Java code, j=interpreted, Vv=VM code, C=native code)
C  [t2k.dll+0x191ed]

Java frames: (J=compiled Java code, j=interpreted, Vv=VM code)
j  sun.font.T2KFontScaler.getGlyphMetricsNative(Lsun/font/Font2D;JJILjava/awt/geom/Point2D$Float;)V+0
j  sun.font.T2KFontScaler.getGlyphMetrics(JILjava/awt/geom/Point2D$Float;)V+28
j  sun.font.FileFont.getGlyphMetrics(JILjava/awt/geom/Point2D$Float;)V+8
j  sun.font.FileFontStrike.getGlyphMetrics(IZ)Ljava/awt/geom/Point2D$Float;+201
j  sun.font.FileFontStrike.getGlyphAdvance(IZ)F+221
j  sun.font.FileFontStrike.getGlyphAdvance(I)F+3
j  sun.font.CompositeStrike.getGlyphAdvance(I)F+11
j  sun.font.CompositeStrike.getCodePointAdvance(I)F+12
J  sun.font.FontDesignMetrics.stringWidth(Ljava/lang/String;)I
j  StdDraw.text(DDLjava/lang/String;)V+33
j  Arena.laserlevel()V+68
j  Arena.levelswitch()V+35
j  Bombe.draw()V+21
j  Engine.run()V+34
v  ~StubRoutines::call_stub

---------------  P R O C E S S  ---------------

Java Threads: ( => current thread )
  0x000000000770c800 JavaThread "Image Fetcher 1" daemon [_thread_blocked, id=4740, stack(0x000000000a150000,0x000000000a250000)]
  0x000000000770c000 JavaThread "Image Animator 0" daemon [_thread_blocked, id=6992, stack(0x0000000009440000,0x0000000009540000)]
  0x0000000006221800 JavaThread "Image Fetcher 3" daemon [_thread_blocked, id=4224, stack(0x0000000009f00000,0x000000000a000000)]
  0x0000000000299000 JavaThread "DestroyJavaVM" [_thread_blocked, id=6976, stack(0x0000000002650000,0x0000000002750000)]
=>0x00000000074ac000 JavaThread "Thread-4" [_thread_in_native, id=7164, stack(0x00000000095b0000,0x00000000096b0000)]
  0x0000000007439800 JavaThread "AWT-EventQueue-0" [_thread_blocked, id=6848, stack(0x0000000007860000,0x0000000007960000)]
  0x0000000007353800 JavaThread "AWT-Windows" daemon [_thread_in_native, id=3924, stack(0x0000000007a80000,0x0000000007b80000)]
  0x0000000007353000 JavaThread "AWT-Shutdown" [_thread_blocked, id=7064, stack(0x0000000007980000,0x0000000007a80000)]
  0x00000000062ff000 JavaThread "Java2D Disposer" daemon [_thread_blocked, id=7080, stack(0x0000000007750000,0x0000000007850000)]
  0x00000000061fe000 JavaThread "Service Thread" daemon [_thread_blocked, id=5056, stack(0x00000000070d0000,0x00000000071d0000)]
  0x00000000061fd800 JavaThread "C2 CompilerThread1" daemon [_thread_blocked, id=6760, stack(0x0000000006ed0000,0x0000000006fd0000)]
  0x00000000061f7800 JavaThread "C2 CompilerThread0" daemon [_thread_blocked, id=2660, stack(0x0000000006ae0000,0x0000000006be0000)]
  0x00000000061f2800 JavaThread "Attach Listener" daemon [_thread_blocked, id=4504, stack(0x0000000006fd0000,0x00000000070d0000)]
  0x00000000061eb000 JavaThread "Signal Dispatcher" daemon [_thread_blocked, id=6540, stack(0x0000000006d90000,0x0000000006e90000)]
  0x0000000001e54800 JavaThread "Finalizer" daemon [_thread_blocked, id=5032, stack(0x0000000006c10000,0x0000000006d10000)]
  0x0000000001e4b800 JavaThread "Reference Handler" daemon [_thread_blocked, id=7076, stack(0x00000000069e0000,0x0000000006ae0000)]

Other Threads:
  0x0000000001e45800 VMThread [stack: 0x0000000006820000,0x0000000006920000] [id=6652]
  0x000000000620f000 WatcherThread [stack: 0x0000000007210000,0x0000000007310000] [id=1464]

VM state:not at safepoint (normal execution)

VM Mutex/Monitor currently owned by a thread: None

Heap
 PSYoungGen      total 18752K, used 10794K [0x00000000eb160000, 0x00000000ec640000, 0x0000000100000000)
  eden space 16128K, 50% used [0x00000000eb160000,0x00000000eb95d0e8,0x00000000ec120000)
  from space 2624K, 99% used [0x00000000ec120000,0x00000000ec3ad798,0x00000000ec3b0000)
  to   space 2624K, 0% used [0x00000000ec3b0000,0x00000000ec3b0000,0x00000000ec640000)
 PSOldGen        total 42816K, used 5847K [0x00000000c1400000, 0x00000000c3dd0000, 0x00000000eb160000)
  object space 42816K, 13% used [0x00000000c1400000,0x00000000c19b5f40,0x00000000c3dd0000)
 PSPermGen       total 21248K, used 9810K [0x00000000bc200000, 0x00000000bd6c0000, 0x00000000c1400000)
  object space 21248K, 46% used [0x00000000bc200000,0x00000000bcb94b08,0x00000000bd6c0000)

Code Cache  [0x0000000002750000, 0x00000000029c0000, 0x0000000005750000)
 total_blobs=518 nmethods=97 adapters=373 free_code_cache=48450Kb largest_free_block=49590400

Dynamic libraries:
0x000000013f040000 - 0x000000013f073000 	C:\Program Files\Java\jre7\bin\javaw.exe
0x0000000077b50000 - 0x0000000077cf9000 	C:\windows\SYSTEM32\ntdll.dll
0x00000000776c0000 - 0x00000000777df000 	C:\windows\system32\kernel32.dll
0x000007fefe2d0000 - 0x000007fefe33c000 	C:\windows\system32\KERNELBASE.dll
0x000007feff420000 - 0x000007feff4fb000 	C:\windows\system32\ADVAPI32.dll
0x000007feffab0000 - 0x000007feffb4f000 	C:\windows\system32\msvcrt.dll
0x000007fefe530000 - 0x000007fefe54f000 	C:\windows\SYSTEM32\sechost.dll
0x000007feffb50000 - 0x000007feffc7d000 	C:\windows\system32\RPCRT4.dll
0x0000000077470000 - 0x000000007756a000 	C:\windows\system32\USER32.dll
0x000007feffa20000 - 0x000007feffa87000 	C:\windows\system32\GDI32.dll
0x000007feff410000 - 0x000007feff41e000 	C:\windows\system32\LPK.dll
0x000007feff500000 - 0x000007feff5c9000 	C:\windows\system32\USP10.dll
0x000007fefc9e0000 - 0x000007fefcbd4000 	C:\windows\WinSxS\amd64_microsoft.windows.common-controls_6595b64144ccf1df_6.0.7601.17514_none_fa396087175ac9ac\COMCTL32.dll
0x000007feff9a0000 - 0x000007feffa11000 	C:\windows\system32\SHLWAPI.dll
0x000007feff3e0000 - 0x000007feff40e000 	C:\windows\system32\IMM32.DLL
0x000007fefe420000 - 0x000007fefe529000 	C:\windows\system32\MSCTF.dll
0x000007fefdf60000 - 0x000007fefdfa4000 	C:\windows\system32\nvinitx.dll
0x0000000069f40000 - 0x000000006a011000 	C:\Program Files\Java\jre7\bin\msvcr100.dll
0x0000000064220000 - 0x00000000648fa000 	C:\Program Files\Java\jre7\bin\server\jvm.dll
0x000007fef0bb0000 - 0x000007fef0bb9000 	C:\windows\system32\WSOCK32.dll
0x000007fefe5f0000 - 0x000007fefe63d000 	C:\windows\system32\WS2_32.dll
0x000007fefe640000 - 0x000007fefe648000 	C:\windows\system32\NSI.dll
0x000007fefa0f0000 - 0x000007fefa12b000 	C:\windows\system32\WINMM.dll
0x0000000077d10000 - 0x0000000077d17000 	C:\windows\system32\PSAPI.DLL
0x000000006e120000 - 0x000000006e12f000 	C:\Program Files\Java\jre7\bin\verify.dll
0x000000006e0f0000 - 0x000000006e118000 	C:\Program Files\Java\jre7\bin\java.dll
0x000000006e0d0000 - 0x000000006e0e5000 	C:\Program Files\Java\jre7\bin\zip.dll
0x0000000068bf0000 - 0x0000000068d84000 	C:\Program Files\Java\jre7\bin\awt.dll
0x000007feff840000 - 0x000007feff917000 	C:\windows\system32\OLEAUT32.dll
0x000007feff5d0000 - 0x000007feff7d3000 	C:\windows\system32\ole32.dll
0x000007fefb990000 - 0x000007fefb9a8000 	C:\windows\system32\DWMAPI.DLL
0x000007fefc6a0000 - 0x000007fefc6f6000 	C:\windows\system32\uxtheme.dll
0x000007fefde90000 - 0x000007fefde9f000 	C:\windows\system32\CRYPTBASE.dll
0x000007fefe650000 - 0x000007feff3d8000 	C:\windows\system32\SHELL32.dll
0x000000006bff0000 - 0x000000006c024000 	C:\Program Files\Java\jre7\bin\fontmanager.dll
0x000000006dda0000 - 0x000000006ddb9000 	C:\Program Files\Java\jre7\bin\net.dll
0x000007fefd770000 - 0x000007fefd7c5000 	C:\windows\system32\mswsock.dll
0x000007fefd760000 - 0x000007fefd767000 	C:\windows\System32\wship6.dll
0x000000006ddc0000 - 0x000000006ddd1000 	C:\Program Files\Java\jre7\bin\nio.dll
0x000000006d170000 - 0x000000006d1b1000 	C:\Program Files\Java\jre7\bin\t2k.dll
0x000007fefe550000 - 0x000007fefe5e9000 	C:\windows\system32\CLBCatQ.DLL
0x000000006bfc0000 - 0x000000006bfea000 	C:\Program Files\Java\jre7\bin\dcpr.dll

VM Arguments:
jvm_args: -Dfile.encoding=Cp1252 
java_command: Arena
Launcher Type: SUN_STANDARD

Environment Variables:
JAVA_HOME=C:\Program Files\Java\jdk1.7.0_03
CLASSPATH=.;C:\Program Files\Java\jdk1.7.0_03\lib
USERNAME=Alex Hepting
OS=Windows_NT
PROCESSOR_IDENTIFIER=Intel64 Family 6 Model 42 Stepping 7, GenuineIntel



---------------  S Y S T E M  ---------------

OS: Windows 7 , 64 bit Build 7601 Service Pack 1

CPU:total 4 (2 cores per cpu, 2 threads per core) family 6 model 42 stepping 7, cmov, cx8, fxsr, mmx, sse, sse2, sse3, ssse3, sse4.1, sse4.2, popcnt, ht

Memory: 4k page, physical 4104412k(1421848k free), swap 10258848k(7110560k free)

vm_info: Java HotSpot(TM) 64-Bit Server VM (22.1-b02) for windows-amd64 JRE (1.7.0_03-b05), built on Feb  3 2012 20:43:56 by "java_re" with unknown MS VC++:1600

time: Mon May 14 23:59:22 2012
elapsed time: 23 seconds

