#
# A fatal error has been detected by the Java Runtime Environment:
#
#  EXCEPTION_ACCESS_VIOLATION (0xc0000005) at pc=0x000000006bff91ed, pid=5240, tid=6704
#
# JRE version: 7.0_03-b05
# Java VM: Java HotSpot(TM) 64-Bit Server VM (22.1-b02 mixed mode windows-amd64 compressed oops)
# Problematic frame:
# C  [t2k.dll+0x191ed]
#
# Failed to write core dump. Minidumps are not enabled by default on client versions of Windows
#
# If you would like to submit a bug report, please visit:
#   http://bugreport.sun.com/bugreport/crash.jsp
# The crash happened outside the Java Virtual Machine in native code.
# See problematic frame for where to report the bug.
#

---------------  T H R E A D  ---------------

Current thread (0x000000000754f800):  JavaThread "Thread-4" [_thread_in_native, id=6704, stack(0x0000000009660000,0x0000000009760000)]

siginfo: ExceptionCode=0xc0000005, reading address 0xffffffffffffffff

Registers:
RAX=0x0000000000000800, RBX=0x00000000075250d0, RCX=0x000000000755d730, RDX=0x00000000063bd6c0
RSP=0x000000000975ec60, RBP=0x00000000074e2bd0, RSI=0x0000000007525200, RDI=0x000000000228be70
R8 =0x0000000000000800, R9 =0x00000000075251a0, R10=0x0000000000000041, R11=0x000000000755d730
R12=0x000000000975ee48, R13=0x000000007c23d323, R14=0x000000000975ee80, R15=0x000000000975ee78
RIP=0x000000006bff91ed, EFLAGS=0x0000000000010202

Top of Stack: (sp=0x000000000975ec60)
0x000000000975ec60:   000000000635b0c8 00000000643cc872
0x000000000975ec70:   0000000000000000 00000000bc20afd8
0x000000000975ec80:   000000000228be70 000000006c00dc6f
0x000000000975ec90:   0000000007525200 0000000064315b17
0x000000000975eca0:   000000000754f800 00000000769cab16
0x000000000975ecb0:   00000000bc20afd8 0000000000000352
0x000000000975ecc0:   0000000000000001 00000000642655fa
0x000000000975ecd0:   0000000000000000 000000006430a7b6
0x000000000975ece0:   0000000000000000 00003231e9df4dbf
0x000000000975ecf0:   000000000754f9d0 000000006c00def6
0x000000000975ed00:   000000000228be70 000000000228be70
0x000000000975ed10:   00000000074e2bd0 00000000bc91bf50
0x000000000975ed20:   000000000635af13 000000007c23d323
0x000000000975ed30:   000000000754f800 00000000642658b3
0x000000000975ed40:   0000000000000000 0000000000000000
0x000000000975ed50:   000000000754f800 000000000975ee80 

Instructions: (pc=0x000000006bff91ed)
0x000000006bff91cd:   89 83 88 00 00 00 e8 3c fb ff ff 48 8b 93 00 01
0x000000006bff91dd:   00 00 4c 8d 8b d0 00 00 00 49 8b cb 44 0f b7 c0
0x000000006bff91ed:   ff 93 c8 00 00 00 89 83 e4 00 00 00 48 8b 83 88
0x000000006bff91fd:   00 00 00 48 89 43 78 8b 83 e4 00 00 00 e9 ca 00 


Register to memory mapping:

RAX=0x0000000000000800 is an unknown value
RBX=0x00000000075250d0 is an unknown value
RCX=0x000000000755d730 is an unknown value
RDX=0x00000000063bd6c0 is an unknown value
RSP=0x000000000975ec60 is pointing into the stack for thread: 0x000000000754f800
RBP=0x00000000074e2bd0 is an unknown value
RSI=0x0000000007525200 is an unknown value
RDI=0x000000000228be70 is an unknown value
R8 =0x0000000000000800 is an unknown value
R9 =0x00000000075251a0 is an unknown value
R10=0x0000000000000041 is an unknown value
R11=0x000000000755d730 is an unknown value
R12=0x000000000975ee48 is pointing into the stack for thread: 0x000000000754f800
R13=0x000000007c23d323 is an unknown value
R14=0x000000000975ee80 is pointing into the stack for thread: 0x000000000754f800
R15=0x000000000975ee78 is pointing into the stack for thread: 0x000000000754f800


Stack: [0x0000000009660000,0x0000000009760000],  sp=0x000000000975ec60,  free space=1019k
Native frames: (J=compiled Java code, j=interpreted, Vv=VM code, C=native code)
C  [t2k.dll+0x191ed]

Java frames: (J=compiled Java code, j=interpreted, Vv=VM code)
j  sun.font.T2KFontScaler.getGlyphMetricsNative(Lsun/font/Font2D;JJILjava/awt/geom/Point2D$Float;)V+0
j  sun.font.T2KFontScaler.getGlyphMetrics(JILjava/awt/geom/Point2D$Float;)V+28
j  sun.font.FileFont.getGlyphMetrics(JILjava/awt/geom/Point2D$Float;)V+8
j  sun.font.FileFontStrike.getGlyphMetrics(IZ)Ljava/awt/geom/Point2D$Float;+201
j  sun.font.FileFontStrike.getGlyphAdvance(IZ)F+221
j  sun.font.FileFontStrike.getGlyphAdvance(I)F+3
j  sun.font.CompositeStrike.getGlyphAdvance(I)F+11
j  sun.font.CompositeStrike.getCodePointAdvance(I)F+12
j  sun.font.FontDesignMetrics.handleCharWidth(I)F+5
j  sun.font.FontDesignMetrics.getLatinCharWidth(C)F+16
j  sun.font.FontDesignMetrics.stringWidth(Ljava/lang/String;)I+92
j  StdDraw.text(DDLjava/lang/String;)V+33
j  Arena.laserlevel()V+169
j  Arena.levelswitch()V+35
j  Engine.run()V+3
v  ~StubRoutines::call_stub

---------------  P R O C E S S  ---------------

Java Threads: ( => current thread )
  0x0000000007550000 JavaThread "Image Fetcher 3" daemon [_thread_blocked, id=6492, stack(0x0000000008260000,0x0000000008360000)]
  0x0000000001c09000 JavaThread "DestroyJavaVM" [_thread_blocked, id=6236, stack(0x0000000002550000,0x0000000002650000)]
=>0x000000000754f800 JavaThread "Thread-4" [_thread_in_native, id=6704, stack(0x0000000009660000,0x0000000009760000)]
  0x00000000074d9000 JavaThread "AWT-EventQueue-0" [_thread_blocked, id=6720, stack(0x0000000008390000,0x0000000008490000)]
  0x00000000063bc000 JavaThread "AWT-Windows" daemon [_thread_in_native, id=5700, stack(0x0000000007b80000,0x0000000007c80000)]
  0x00000000063bb000 JavaThread "AWT-Shutdown" [_thread_blocked, id=6320, stack(0x0000000007a60000,0x0000000007b60000)]
  0x00000000073f8800 JavaThread "Java2D Disposer" daemon [_thread_blocked, id=1288, stack(0x0000000007900000,0x0000000007a00000)]
  0x00000000062c0000 JavaThread "Service Thread" daemon [_thread_blocked, id=6308, stack(0x0000000002450000,0x0000000002550000)]
  0x00000000062bd000 JavaThread "C2 CompilerThread1" daemon [_thread_blocked, id=5220, stack(0x0000000006f80000,0x0000000007080000)]
  0x00000000062b7800 JavaThread "C2 CompilerThread0" daemon [_thread_blocked, id=6248, stack(0x00000000070c0000,0x00000000071c0000)]
  0x00000000062b2000 JavaThread "Attach Listener" daemon [_thread_blocked, id=4148, stack(0x0000000006e60000,0x0000000006f60000)]
  0x00000000062ab000 JavaThread "Signal Dispatcher" daemon [_thread_blocked, id=6936, stack(0x0000000006cc0000,0x0000000006dc0000)]
  0x000000000233f000 JavaThread "Finalizer" daemon [_thread_blocked, id=6208, stack(0x0000000006b20000,0x0000000006c20000)]
  0x000000000233b800 JavaThread "Reference Handler" daemon [_thread_blocked, id=6528, stack(0x00000000068e0000,0x00000000069e0000)]

Other Threads:
  0x0000000002335800 VMThread [stack: 0x00000000067b0000,0x00000000068b0000] [id=6832]
  0x00000000062d8800 WatcherThread [stack: 0x00000000072b0000,0x00000000073b0000] [id=6452]

VM state:not at safepoint (normal execution)

VM Mutex/Monitor currently owned by a thread: None

Heap
 PSYoungGen      total 18752K, used 13044K [0x00000000eb160000, 0x00000000ec640000, 0x0000000100000000)
  eden space 16128K, 80% used [0x00000000eb160000,0x00000000ebe1d3f0,0x00000000ec120000)
  from space 2624K, 0% used [0x00000000ec3b0000,0x00000000ec3b0000,0x00000000ec640000)
  to   space 2624K, 0% used [0x00000000ec120000,0x00000000ec120000,0x00000000ec3b0000)
 PSOldGen        total 42816K, used 0K [0x00000000c1400000, 0x00000000c3dd0000, 0x00000000eb160000)
  object space 42816K, 0% used [0x00000000c1400000,0x00000000c1400000,0x00000000c3dd0000)
 PSPermGen       total 21248K, used 9623K [0x00000000bc200000, 0x00000000bd6c0000, 0x00000000c1400000)
  object space 21248K, 45% used [0x00000000bc200000,0x00000000bcb65de0,0x00000000bd6c0000)

Code Cache  [0x0000000002650000, 0x00000000028c0000, 0x0000000005650000)
 total_blobs=434 nmethods=12 adapters=375 free_code_cache=48627Kb largest_free_block=49757824

Dynamic libraries:
0x000000013f5f0000 - 0x000000013f623000 	C:\Program Files\Java\jre7\bin\javaw.exe
0x0000000077b50000 - 0x0000000077cf9000 	C:\windows\SYSTEM32\ntdll.dll
0x00000000776c0000 - 0x00000000777df000 	C:\windows\system32\kernel32.dll
0x000007fefe2d0000 - 0x000007fefe33c000 	C:\windows\system32\KERNELBASE.dll
0x000007feff420000 - 0x000007feff4fb000 	C:\windows\system32\ADVAPI32.dll
0x000007feffab0000 - 0x000007feffb4f000 	C:\windows\system32\msvcrt.dll
0x000007fefe530000 - 0x000007fefe54f000 	C:\windows\SYSTEM32\sechost.dll
0x000007feffb50000 - 0x000007feffc7d000 	C:\windows\system32\RPCRT4.dll
0x0000000077470000 - 0x000000007756a000 	C:\windows\system32\USER32.dll
0x000007feffa20000 - 0x000007feffa87000 	C:\windows\system32\GDI32.dll
0x000007feff410000 - 0x000007feff41e000 	C:\windows\system32\LPK.dll
0x000007feff500000 - 0x000007feff5c9000 	C:\windows\system32\USP10.dll
0x000007fefc9e0000 - 0x000007fefcbd4000 	C:\windows\WinSxS\amd64_microsoft.windows.common-controls_6595b64144ccf1df_6.0.7601.17514_none_fa396087175ac9ac\COMCTL32.dll
0x000007feff9a0000 - 0x000007feffa11000 	C:\windows\system32\SHLWAPI.dll
0x000007feff3e0000 - 0x000007feff40e000 	C:\windows\system32\IMM32.DLL
0x000007fefe420000 - 0x000007fefe529000 	C:\windows\system32\MSCTF.dll
0x000007fefdf60000 - 0x000007fefdfa4000 	C:\windows\system32\nvinitx.dll
0x0000000069f40000 - 0x000000006a011000 	C:\Program Files\Java\jre7\bin\msvcr100.dll
0x0000000064220000 - 0x00000000648fa000 	C:\Program Files\Java\jre7\bin\server\jvm.dll
0x000007fef0bb0000 - 0x000007fef0bb9000 	C:\windows\system32\WSOCK32.dll
0x000007fefe5f0000 - 0x000007fefe63d000 	C:\windows\system32\WS2_32.dll
0x000007fefe640000 - 0x000007fefe648000 	C:\windows\system32\NSI.dll
0x000007fefa0f0000 - 0x000007fefa12b000 	C:\windows\system32\WINMM.dll
0x0000000077d10000 - 0x0000000077d17000 	C:\windows\system32\PSAPI.DLL
0x000000006e120000 - 0x000000006e12f000 	C:\Program Files\Java\jre7\bin\verify.dll
0x000000006e0f0000 - 0x000000006e118000 	C:\Program Files\Java\jre7\bin\java.dll
0x000000006e0d0000 - 0x000000006e0e5000 	C:\Program Files\Java\jre7\bin\zip.dll
0x0000000068bf0000 - 0x0000000068d84000 	C:\Program Files\Java\jre7\bin\awt.dll
0x000007feff840000 - 0x000007feff917000 	C:\windows\system32\OLEAUT32.dll
0x000007feff5d0000 - 0x000007feff7d3000 	C:\windows\system32\ole32.dll
0x000007fefb990000 - 0x000007fefb9a8000 	C:\windows\system32\DWMAPI.DLL
0x000007fefc6a0000 - 0x000007fefc6f6000 	C:\windows\system32\uxtheme.dll
0x000007fefde90000 - 0x000007fefde9f000 	C:\windows\system32\CRYPTBASE.dll
0x000007fefe650000 - 0x000007feff3d8000 	C:\windows\system32\SHELL32.dll
0x000000006d180000 - 0x000000006d1b4000 	C:\Program Files\Java\jre7\bin\fontmanager.dll
0x000000006dda0000 - 0x000000006ddb9000 	C:\Program Files\Java\jre7\bin\net.dll
0x000007fefd770000 - 0x000007fefd7c5000 	C:\windows\system32\mswsock.dll
0x000007fefd760000 - 0x000007fefd767000 	C:\windows\System32\wship6.dll
0x000000006ddc0000 - 0x000000006ddd1000 	C:\Program Files\Java\jre7\bin\nio.dll
0x000000006bfe0000 - 0x000000006c021000 	C:\Program Files\Java\jre7\bin\t2k.dll
0x000007fefe550000 - 0x000007fefe5e9000 	C:\windows\system32\CLBCatQ.DLL
0x000000006bfb0000 - 0x000000006bfda000 	C:\Program Files\Java\jre7\bin\dcpr.dll

VM Arguments:
jvm_args: -Dfile.encoding=Cp1252 
java_command: Arena
Launcher Type: SUN_STANDARD

Environment Variables:
JAVA_HOME=C:\Program Files\Java\jdk1.7.0_03
CLASSPATH=.;C:\Program Files\Java\jdk1.7.0_03\lib
USERNAME=Alex Hepting
OS=Windows_NT
PROCESSOR_IDENTIFIER=Intel64 Family 6 Model 42 Stepping 7, GenuineIntel



---------------  S Y S T E M  ---------------

OS: Windows 7 , 64 bit Build 7601 Service Pack 1

CPU:total 4 (2 cores per cpu, 2 threads per core) family 6 model 42 stepping 7, cmov, cx8, fxsr, mmx, sse, sse2, sse3, ssse3, sse4.1, sse4.2, popcnt, ht

Memory: 4k page, physical 4104412k(1231148k free), swap 10258848k(6915856k free)

vm_info: Java HotSpot(TM) 64-Bit Server VM (22.1-b02) for windows-amd64 JRE (1.7.0_03-b05), built on Feb  3 2012 20:43:56 by "java_re" with unknown MS VC++:1600

time: Tue May 15 01:01:15 2012
elapsed time: 0 seconds

